{"/Users/burak/Documents/DEV/Projects/would_watch/web/src/components/CreateRoomModal.jsx": {"path":"/Users/burak/Documents/DEV/Projects/would_watch/web/src/components/CreateRoomModal.jsx","statementMap":{"0":{"start":{"line":6,"column":15},"end":{"line":6,"column":38}},"1":{"start":{"line":7,"column":19},"end":{"line":7,"column":49}},"2":{"start":{"line":8,"column":18},"end":{"line":8,"column":47}},"3":{"start":{"line":9,"column":16},"end":{"line":9,"column":40}},"4":{"start":{"line":11,"column":2},"end":{"line":11,"column":null}},"5":{"start":{"line":11,"column":15},"end":{"line":11,"column":null}},"6":{"start":{"line":13,"column":23},"end":{"line":32,"column":null}},"7":{"start":{"line":14,"column":4},"end":{"line":14,"column":null}},"8":{"start":{"line":15,"column":4},"end":{"line":17,"column":null}},"9":{"start":{"line":16,"column":6},"end":{"line":16,"column":null}},"10":{"start":{"line":17,"column":6},"end":{"line":17,"column":null}},"11":{"start":{"line":20,"column":4},"end":{"line":20,"column":null}},"12":{"start":{"line":21,"column":4},"end":{"line":21,"column":null}},"13":{"start":{"line":23,"column":4},"end":{"line":32,"column":null}},"14":{"start":{"line":24,"column":6},"end":{"line":24,"column":null}},"15":{"start":{"line":25,"column":6},"end":{"line":25,"column":null}},"16":{"start":{"line":26,"column":6},"end":{"line":26,"column":null}},"17":{"start":{"line":27,"column":6},"end":{"line":27,"column":null}},"18":{"start":{"line":28,"column":6},"end":{"line":28,"column":null}},"19":{"start":{"line":30,"column":6},"end":{"line":30,"column":null}},"20":{"start":{"line":32,"column":6},"end":{"line":32,"column":null}},"21":{"start":{"line":36,"column":2},"end":{"line":82,"column":null}},"22":{"start":{"line":50,"column":31},"end":{"line":50,"column":54}},"23":{"start":{"line":61,"column":33},"end":{"line":61,"column":null}}},"fnMap":{"0":{"name":"CreateRoomModal","decl":{"start":{"line":5,"column":9},"end":{"line":5,"column":25}},"loc":{"start":{"line":5,"column":57},"end":{"line":82,"column":null}},"line":5},"1":{"name":"(anonymous_1)","decl":{"start":{"line":13,"column":23},"end":{"line":13,"column":30}},"loc":{"start":{"line":13,"column":36},"end":{"line":32,"column":null}},"line":13},"2":{"name":"(anonymous_2)","decl":{"start":{"line":50,"column":14},"end":{"line":50,"column":25}},"loc":{"start":{"line":50,"column":31},"end":{"line":50,"column":54}},"line":50},"3":{"name":"(anonymous_3)","decl":{"start":{"line":61,"column":16},"end":{"line":61,"column":27}},"loc":{"start":{"line":61,"column":33},"end":{"line":61,"column":null}},"line":61}},"branchMap":{"0":{"loc":{"start":{"line":11,"column":2},"end":{"line":11,"column":null}},"type":"if","locations":[{"start":{"line":11,"column":2},"end":{"line":11,"column":null}},{"start":{},"end":{}}],"line":11},"1":{"loc":{"start":{"line":15,"column":4},"end":{"line":17,"column":null}},"type":"if","locations":[{"start":{"line":15,"column":4},"end":{"line":17,"column":null}},{"start":{},"end":{}}],"line":15},"2":{"loc":{"start":{"line":70,"column":11},"end":{"line":70,"column":null}},"type":"binary-expr","locations":[{"start":{"line":70,"column":11},"end":{"line":70,"column":20}},{"start":{"line":70,"column":20},"end":{"line":70,"column":null}}],"line":70},"3":{"loc":{"start":{"line":77,"column":15},"end":{"line":77,"column":null}},"type":"cond-expr","locations":[{"start":{"line":77,"column":25},"end":{"line":77,"column":41}},{"start":{"line":77,"column":41},"end":{"line":77,"column":null}}],"line":77}},"s":{"0":87,"1":87,"2":87,"3":87,"4":87,"5":1,"6":86,"7":7,"8":7,"9":2,"10":2,"11":5,"12":5,"13":5,"14":5,"15":4,"16":4,"17":4,"18":4,"19":1,"20":5,"21":86,"22":57,"23":4},"f":{"0":87,"1":7,"2":57,"3":4},"b":{"0":[1,86],"1":[2,5],"2":[86,3],"3":[5,81]},"meta":{"lastBranch":4,"lastFunction":4,"lastStatement":24,"seen":{"f:5:9:5:25":0,"s:6:15:6:38":0,"s:7:19:7:49":1,"s:8:18:8:47":2,"s:9:16:9:40":3,"b:11:2:11:Infinity:undefined:undefined:undefined:undefined":0,"s:11:2:11:Infinity":4,"s:11:15:11:Infinity":5,"s:13:23:32:Infinity":6,"f:13:23:13:30":1,"s:14:4:14:Infinity":7,"b:15:4:17:Infinity:undefined:undefined:undefined:undefined":1,"s:15:4:17:Infinity":8,"s:16:6:16:Infinity":9,"s:17:6:17:Infinity":10,"s:20:4:20:Infinity":11,"s:21:4:21:Infinity":12,"s:23:4:32:Infinity":13,"s:24:6:24:Infinity":14,"s:25:6:25:Infinity":15,"s:26:6:26:Infinity":16,"s:27:6:27:Infinity":17,"s:28:6:28:Infinity":18,"s:30:6:30:Infinity":19,"s:32:6:32:Infinity":20,"s:36:2:82:Infinity":21,"f:50:14:50:25":2,"s:50:31:50:54":22,"f:61:16:61:27":3,"s:61:33:61:Infinity":23,"b:70:11:70:20:70:20:70:Infinity":2,"b:77:25:77:41:77:41:77:Infinity":3}}}
,"/Users/burak/Documents/DEV/Projects/would_watch/web/src/components/MovieCard.jsx": {"path":"/Users/burak/Documents/DEV/Projects/would_watch/web/src/components/MovieCard.jsx","statementMap":{"0":{"start":{"line":4,"column":20},"end":{"line":6,"column":null}},"1":{"start":{"line":8,"column":2},"end":{"line":42,"column":null}},"2":{"start":{"line":31,"column":25},"end":{"line":31,"column":37}},"3":{"start":{"line":37,"column":25},"end":{"line":37,"column":38}}},"fnMap":{"0":{"name":"MovieCard","decl":{"start":{"line":3,"column":9},"end":{"line":3,"column":19}},"loc":{"start":{"line":3,"column":38},"end":{"line":42,"column":null}},"line":3},"1":{"name":"(anonymous_1)","decl":{"start":{"line":31,"column":10},"end":{"line":31,"column":25}},"loc":{"start":{"line":31,"column":25},"end":{"line":31,"column":37}},"line":31},"2":{"name":"(anonymous_2)","decl":{"start":{"line":37,"column":10},"end":{"line":37,"column":25}},"loc":{"start":{"line":37,"column":25},"end":{"line":37,"column":38}},"line":37}},"branchMap":{"0":{"loc":{"start":{"line":4,"column":20},"end":{"line":6,"column":null}},"type":"cond-expr","locations":[{"start":{"line":5,"column":6},"end":{"line":5,"column":null}},{"start":{"line":6,"column":6},"end":{"line":6,"column":null}}],"line":4},"1":{"loc":{"start":{"line":10,"column":7},"end":{"line":13,"column":null}},"type":"cond-expr","locations":[{"start":{"line":11,"column":8},"end":{"line":11,"column":null}},{"start":{"line":13,"column":8},"end":{"line":13,"column":null}}],"line":10},"2":{"loc":{"start":{"line":18,"column":9},"end":{"line":21,"column":null}},"type":"binary-expr","locations":[{"start":{"line":18,"column":9},"end":{"line":18,"column":null}},{"start":{"line":19,"column":10},"end":{"line":21,"column":null}}],"line":18},"3":{"loc":{"start":{"line":24,"column":11},"end":{"line":24,"column":null}},"type":"binary-expr","locations":[{"start":{"line":24,"column":11},"end":{"line":24,"column":29}},{"start":{"line":24,"column":29},"end":{"line":24,"column":null}}],"line":24}},"s":{"0":15,"1":15,"2":2,"3":3},"f":{"0":15,"1":2,"2":3},"b":{"0":[13,2],"1":[13,2],"2":[15,13],"3":[15,3]},"meta":{"lastBranch":4,"lastFunction":3,"lastStatement":4,"seen":{"f:3:9:3:19":0,"s:4:20:6:Infinity":0,"b:5:6:5:Infinity:6:6:6:Infinity":0,"s:8:2:42:Infinity":1,"b:11:8:11:Infinity:13:8:13:Infinity":1,"b:18:9:18:Infinity:19:10:21:Infinity":2,"b:24:11:24:29:24:29:24:Infinity":3,"f:31:10:31:25":1,"s:31:25:31:37":2,"f:37:10:37:25":2,"s:37:25:37:38":3}}}
,"/Users/burak/Documents/DEV/Projects/would_watch/web/src/components/ProtectedRoute.jsx": {"path":"/Users/burak/Documents/DEV/Projects/would_watch/web/src/components/ProtectedRoute.jsx","statementMap":{"0":{"start":{"line":5,"column":16},"end":{"line":5,"column":37}},"1":{"start":{"line":7,"column":2},"end":{"line":18,"column":null}},"2":{"start":{"line":8,"column":4},"end":{"line":18,"column":null}},"3":{"start":{"line":22,"column":2},"end":{"line":23,"column":null}},"4":{"start":{"line":23,"column":4},"end":{"line":23,"column":null}},"5":{"start":{"line":26,"column":2},"end":{"line":26,"column":null}}},"fnMap":{"0":{"name":"ProtectedRoute","decl":{"start":{"line":4,"column":9},"end":{"line":4,"column":24}},"loc":{"start":{"line":4,"column":38},"end":{"line":26,"column":null}},"line":4}},"branchMap":{"0":{"loc":{"start":{"line":7,"column":2},"end":{"line":18,"column":null}},"type":"if","locations":[{"start":{"line":7,"column":2},"end":{"line":18,"column":null}},{"start":{},"end":{}}],"line":7},"1":{"loc":{"start":{"line":22,"column":2},"end":{"line":23,"column":null}},"type":"if","locations":[{"start":{"line":22,"column":2},"end":{"line":23,"column":null}},{"start":{},"end":{}}],"line":22}},"s":{"0":9,"1":9,"2":4,"3":5,"4":1,"5":4},"f":{"0":9},"b":{"0":[4,5],"1":[1,4]},"meta":{"lastBranch":2,"lastFunction":1,"lastStatement":6,"seen":{"f:4:9:4:24":0,"s:5:16:5:37":0,"b:7:2:18:Infinity:undefined:undefined:undefined:undefined":0,"s:7:2:18:Infinity":1,"s:8:4:18:Infinity":2,"b:22:2:23:Infinity:undefined:undefined:undefined:undefined":1,"s:22:2:23:Infinity":3,"s:23:4:23:Infinity":4,"s:26:2:26:Infinity":5}}}
,"/Users/burak/Documents/DEV/Projects/would_watch/web/src/context/AuthContext.jsx": {"path":"/Users/burak/Documents/DEV/Projects/would_watch/web/src/context/AuthContext.jsx","statementMap":{"0":{"start":{"line":4,"column":6},"end":{"line":4,"column":37}},"1":{"start":{"line":6,"column":13},"end":{"line":11,"column":null}},"2":{"start":{"line":7,"column":8},"end":{"line":7,"column":41}},"3":{"start":{"line":8,"column":2},"end":{"line":9,"column":null}},"4":{"start":{"line":9,"column":4},"end":{"line":9,"column":null}},"5":{"start":{"line":11,"column":2},"end":{"line":11,"column":null}},"6":{"start":{"line":14,"column":13},"end":{"line":75,"column":null}},"7":{"start":{"line":15,"column":15},"end":{"line":15,"column":40}},"8":{"start":{"line":16,"column":18},"end":{"line":16,"column":46}},"9":{"start":{"line":18,"column":2},"end":{"line":32,"column":null}},"10":{"start":{"line":19,"column":4},"end":{"line":22,"column":null}},"11":{"start":{"line":20,"column":6},"end":{"line":20,"column":null}},"12":{"start":{"line":21,"column":6},"end":{"line":21,"column":null}},"13":{"start":{"line":26,"column":8},"end":{"line":29,"column":null}},"14":{"start":{"line":27,"column":6},"end":{"line":27,"column":null}},"15":{"start":{"line":28,"column":6},"end":{"line":28,"column":null}},"16":{"start":{"line":31,"column":4},"end":{"line":31,"column":null}},"17":{"start":{"line":31,"column":17},"end":{"line":31,"column":43}},"18":{"start":{"line":34,"column":17},"end":{"line":39,"column":null}},"19":{"start":{"line":35,"column":28},"end":{"line":38,"column":6}},"20":{"start":{"line":39,"column":4},"end":{"line":39,"column":null}},"21":{"start":{"line":42,"column":27},"end":{"line":49,"column":null}},"22":{"start":{"line":43,"column":28},"end":{"line":48,"column":6}},"23":{"start":{"line":49,"column":4},"end":{"line":49,"column":null}},"24":{"start":{"line":52,"column":17},"end":{"line":57,"column":null}},"25":{"start":{"line":53,"column":28},"end":{"line":56,"column":6}},"26":{"start":{"line":57,"column":4},"end":{"line":57,"column":null}},"27":{"start":{"line":60,"column":18},"end":{"line":62,"column":null}},"28":{"start":{"line":61,"column":22},"end":{"line":61,"column":51}},"29":{"start":{"line":62,"column":4},"end":{"line":62,"column":null}},"30":{"start":{"line":65,"column":16},"end":{"line":73,"column":null}},"31":{"start":{"line":75,"column":2},"end":{"line":75,"column":null}}},"fnMap":{"0":{"name":"(anonymous_0)","decl":{"start":{"line":6,"column":13},"end":{"line":6,"column":29}},"loc":{"start":{"line":6,"column":29},"end":{"line":11,"column":null}},"line":6},"1":{"name":"(anonymous_1)","decl":{"start":{"line":14,"column":13},"end":{"line":14,"column":29}},"loc":{"start":{"line":14,"column":46},"end":{"line":75,"column":null}},"line":14},"2":{"name":"(anonymous_2)","decl":{"start":{"line":18,"column":2},"end":{"line":18,"column":18}},"loc":{"start":{"line":18,"column":18},"end":{"line":32,"column":7}},"line":18},"3":{"name":"(anonymous_3)","decl":{"start":{"line":19,"column":31},"end":{"line":19,"column":37}},"loc":{"start":{"line":19,"column":63},"end":{"line":22,"column":null}},"line":19},"4":{"name":"(anonymous_4)","decl":{"start":{"line":26,"column":22},"end":{"line":26,"column":41}},"loc":{"start":{"line":26,"column":61},"end":{"line":29,"column":null}},"line":26},"5":{"name":"(anonymous_5)","decl":{"start":{"line":31,"column":4},"end":{"line":31,"column":17}},"loc":{"start":{"line":31,"column":17},"end":{"line":31,"column":43}},"line":31},"6":{"name":"(anonymous_6)","decl":{"start":{"line":34,"column":17},"end":{"line":34,"column":24}},"loc":{"start":{"line":34,"column":44},"end":{"line":39,"column":null}},"line":34},"7":{"name":"(anonymous_7)","decl":{"start":{"line":42,"column":27},"end":{"line":42,"column":39}},"loc":{"start":{"line":42,"column":39},"end":{"line":49,"column":null}},"line":42},"8":{"name":"(anonymous_8)","decl":{"start":{"line":52,"column":17},"end":{"line":52,"column":24}},"loc":{"start":{"line":52,"column":44},"end":{"line":57,"column":null}},"line":52},"9":{"name":"(anonymous_9)","decl":{"start":{"line":60,"column":18},"end":{"line":60,"column":30}},"loc":{"start":{"line":60,"column":30},"end":{"line":62,"column":null}},"line":60}},"branchMap":{"0":{"loc":{"start":{"line":8,"column":2},"end":{"line":9,"column":null}},"type":"if","locations":[{"start":{"line":8,"column":2},"end":{"line":9,"column":null}},{"start":{},"end":{}}],"line":8},"1":{"loc":{"start":{"line":20,"column":14},"end":{"line":20,"column":36}},"type":"binary-expr","locations":[{"start":{"line":20,"column":14},"end":{"line":20,"column":31}},{"start":{"line":20,"column":31},"end":{"line":20,"column":36}}],"line":20},"2":{"loc":{"start":{"line":27,"column":14},"end":{"line":27,"column":36}},"type":"binary-expr","locations":[{"start":{"line":27,"column":14},"end":{"line":27,"column":31}},{"start":{"line":27,"column":31},"end":{"line":27,"column":36}}],"line":27}},"s":{"0":1,"1":1,"2":18,"3":18,"4":0,"5":18,"6":1,"7":18,"8":18,"9":18,"10":9,"11":9,"12":9,"13":9,"14":1,"15":1,"16":9,"17":9,"18":18,"19":1,"20":1,"21":18,"22":0,"23":0,"24":18,"25":1,"26":1,"27":18,"28":1,"29":1,"30":18,"31":18},"f":{"0":18,"1":18,"2":9,"3":9,"4":1,"5":9,"6":1,"7":0,"8":1,"9":1},"b":{"0":[0,18],"1":[9,8],"2":[1,0]},"meta":{"lastBranch":3,"lastFunction":10,"lastStatement":32,"seen":{"s:4:6:4:37":0,"s:6:13:11:Infinity":1,"f:6:13:6:29":0,"s:7:8:7:41":2,"b:8:2:9:Infinity:undefined:undefined:undefined:undefined":0,"s:8:2:9:Infinity":3,"s:9:4:9:Infinity":4,"s:11:2:11:Infinity":5,"s:14:13:75:Infinity":6,"f:14:13:14:29":1,"s:15:15:15:40":7,"s:16:18:16:46":8,"s:18:2:32:Infinity":9,"f:18:2:18:18":2,"s:19:4:22:Infinity":10,"f:19:31:19:37":3,"s:20:6:20:Infinity":11,"b:20:14:20:31:20:31:20:36":1,"s:21:6:21:Infinity":12,"s:26:8:29:Infinity":13,"f:26:22:26:41":4,"s:27:6:27:Infinity":14,"b:27:14:27:31:27:31:27:36":2,"s:28:6:28:Infinity":15,"s:31:4:31:Infinity":16,"f:31:4:31:17":5,"s:31:17:31:43":17,"s:34:17:39:Infinity":18,"f:34:17:34:24":6,"s:35:28:38:6":19,"s:39:4:39:Infinity":20,"s:42:27:49:Infinity":21,"f:42:27:42:39":7,"s:43:28:48:6":22,"s:49:4:49:Infinity":23,"s:52:17:57:Infinity":24,"f:52:17:52:24":8,"s:53:28:56:6":25,"s:57:4:57:Infinity":26,"s:60:18:62:Infinity":27,"f:60:18:60:30":9,"s:61:22:61:51":28,"s:62:4:62:Infinity":29,"s:65:16:73:Infinity":30,"s:75:2:75:Infinity":31}}}
,"/Users/burak/Documents/DEV/Projects/would_watch/web/src/pages/Dashboard.jsx": {"path":"/Users/burak/Documents/DEV/Projects/would_watch/web/src/pages/Dashboard.jsx","statementMap":{"0":{"start":{"line":9,"column":8},"end":{"line":9,"column":32}},"1":{"start":{"line":10,"column":10},"end":{"line":10,"column":28}},"2":{"start":{"line":11,"column":16},"end":{"line":11,"column":40}},"3":{"start":{"line":12,"column":26},"end":{"line":12,"column":63}},"4":{"start":{"line":13,"column":18},"end":{"line":13,"column":46}},"5":{"start":{"line":14,"column":16},"end":{"line":14,"column":40}},"6":{"start":{"line":16,"column":2},"end":{"line":18,"column":null}},"7":{"start":{"line":17,"column":4},"end":{"line":17,"column":null}},"8":{"start":{"line":20,"column":20},"end":{"line":28,"column":null}},"9":{"start":{"line":21,"column":4},"end":{"line":28,"column":null}},"10":{"start":{"line":22,"column":19},"end":{"line":22,"column":43}},"11":{"start":{"line":23,"column":6},"end":{"line":23,"column":null}},"12":{"start":{"line":25,"column":6},"end":{"line":25,"column":null}},"13":{"start":{"line":28,"column":6},"end":{"line":28,"column":null}},"14":{"start":{"line":32,"column":8},"end":{"line":33,"column":null}},"15":{"start":{"line":33,"column":4},"end":{"line":33,"column":null}},"16":{"start":{"line":36,"column":2},"end":{"line":111,"column":null}},"17":{"start":{"line":42,"column":25},"end":{"line":42,"column":46}},"18":{"start":{"line":61,"column":27},"end":{"line":61,"column":51}},"19":{"start":{"line":68,"column":27},"end":{"line":68,"column":47}},"20":{"start":{"line":85,"column":16},"end":{"line":99,"column":null}},"21":{"start":{"line":88,"column":33},"end":{"line":88,"column":64}},"22":{"start":{"line":108,"column":23},"end":{"line":108,"column":48}}},"fnMap":{"0":{"name":"Dashboard","decl":{"start":{"line":8,"column":9},"end":{"line":8,"column":21}},"loc":{"start":{"line":8,"column":21},"end":{"line":111,"column":null}},"line":8},"1":{"name":"(anonymous_1)","decl":{"start":{"line":16,"column":2},"end":{"line":16,"column":18}},"loc":{"start":{"line":16,"column":18},"end":{"line":18,"column":7}},"line":16},"2":{"name":"(anonymous_2)","decl":{"start":{"line":20,"column":20},"end":{"line":20,"column":32}},"loc":{"start":{"line":20,"column":32},"end":{"line":28,"column":null}},"line":20},"3":{"name":"(anonymous_3)","decl":{"start":{"line":32,"column":8},"end":{"line":32,"column":34}},"loc":{"start":{"line":32,"column":34},"end":{"line":33,"column":null}},"line":32},"4":{"name":"(anonymous_4)","decl":{"start":{"line":42,"column":10},"end":{"line":42,"column":25}},"loc":{"start":{"line":42,"column":25},"end":{"line":42,"column":46}},"line":42},"5":{"name":"(anonymous_5)","decl":{"start":{"line":61,"column":12},"end":{"line":61,"column":27}},"loc":{"start":{"line":61,"column":27},"end":{"line":61,"column":51}},"line":61},"6":{"name":"(anonymous_6)","decl":{"start":{"line":68,"column":12},"end":{"line":68,"column":27}},"loc":{"start":{"line":68,"column":27},"end":{"line":68,"column":47}},"line":68},"7":{"name":"(anonymous_7)","decl":{"start":{"line":84,"column":21},"end":{"line":84,"column":26}},"loc":{"start":{"line":85,"column":16},"end":{"line":99,"column":null}},"line":85},"8":{"name":"(anonymous_8)","decl":{"start":{"line":88,"column":18},"end":{"line":88,"column":33}},"loc":{"start":{"line":88,"column":33},"end":{"line":88,"column":64}},"line":88},"9":{"name":"(anonymous_9)","decl":{"start":{"line":108,"column":8},"end":{"line":108,"column":23}},"loc":{"start":{"line":108,"column":23},"end":{"line":108,"column":48}},"line":108}},"branchMap":{"0":{"loc":{"start":{"line":23,"column":15},"end":{"line":23,"column":31}},"type":"binary-expr","locations":[{"start":{"line":23,"column":15},"end":{"line":23,"column":29}},{"start":{"line":23,"column":29},"end":{"line":23,"column":31}}],"line":23},"1":{"loc":{"start":{"line":56,"column":9},"end":{"line":56,"column":null}},"type":"binary-expr","locations":[{"start":{"line":56,"column":9},"end":{"line":56,"column":18}},{"start":{"line":56,"column":18},"end":{"line":56,"column":null}}],"line":56},"2":{"loc":{"start":{"line":76,"column":11},"end":{"line":101,"column":null}},"type":"cond-expr","locations":[{"start":{"line":77,"column":12},"end":{"line":77,"column":null}},{"start":{"line":78,"column":14},"end":{"line":101,"column":null}}],"line":76},"3":{"loc":{"start":{"line":78,"column":14},"end":{"line":101,"column":null}},"type":"cond-expr","locations":[{"start":{"line":79,"column":12},"end":{"line":81,"column":null}},{"start":{"line":83,"column":12},"end":{"line":101,"column":null}}],"line":78},"4":{"loc":{"start":{"line":93,"column":23},"end":{"line":93,"column":null}},"type":"cond-expr","locations":[{"start":{"line":93,"column":40},"end":{"line":93,"column":54}},{"start":{"line":93,"column":54},"end":{"line":93,"column":null}}],"line":93}},"s":{"0":27,"1":27,"2":27,"3":27,"4":27,"5":27,"6":27,"7":12,"8":27,"9":13,"10":13,"11":11,"12":1,"13":12,"14":27,"15":1,"16":27,"17":1,"18":3,"19":1,"20":4,"21":1,"22":1},"f":{"0":27,"1":12,"2":13,"3":1,"4":1,"5":3,"6":1,"7":4,"8":1,"9":1},"b":{"0":[11,0],"1":[27,0],"2":[12,15],"3":[12,3],"4":[2,2]},"meta":{"lastBranch":5,"lastFunction":10,"lastStatement":23,"seen":{"f:8:9:8:21":0,"s:9:8:9:32":0,"s:10:10:10:28":1,"s:11:16:11:40":2,"s:12:26:12:63":3,"s:13:18:13:46":4,"s:14:16:14:40":5,"s:16:2:18:Infinity":6,"f:16:2:16:18":1,"s:17:4:17:Infinity":7,"s:20:20:28:Infinity":8,"f:20:20:20:32":2,"s:21:4:28:Infinity":9,"s:22:19:22:43":10,"s:23:6:23:Infinity":11,"b:23:15:23:29:23:29:23:31":0,"s:25:6:25:Infinity":12,"s:28:6:28:Infinity":13,"s:32:8:33:Infinity":14,"f:32:8:32:34":3,"s:33:4:33:Infinity":15,"s:36:2:111:Infinity":16,"f:42:10:42:25":4,"s:42:25:42:46":17,"b:56:9:56:18:56:18:56:Infinity":1,"f:61:12:61:27":5,"s:61:27:61:51":18,"f:68:12:68:27":6,"s:68:27:68:47":19,"b:77:12:77:Infinity:78:14:101:Infinity":2,"b:79:12:81:Infinity:83:12:101:Infinity":3,"f:84:21:84:26":7,"s:85:16:99:Infinity":20,"f:88:18:88:33":8,"s:88:33:88:64":21,"b:93:40:93:54:93:54:93:Infinity":4,"f:108:8:108:23":9,"s:108:23:108:48":22}}}
,"/Users/burak/Documents/DEV/Projects/would_watch/web/src/pages/Login.jsx": {"path":"/Users/burak/Documents/DEV/Projects/would_watch/web/src/pages/Login.jsx","statementMap":{"0":{"start":{"line":7,"column":19},"end":{"line":7,"column":49}},"1":{"start":{"line":8,"column":16},"end":{"line":8,"column":40}},"2":{"start":{"line":9,"column":19},"end":{"line":9,"column":46}},"3":{"start":{"line":10,"column":16},"end":{"line":10,"column":40}},"4":{"start":{"line":11,"column":18},"end":{"line":11,"column":47}},"5":{"start":{"line":12,"column":8},"end":{"line":12,"column":32}},"6":{"start":{"line":13,"column":26},"end":{"line":13,"column":56}},"7":{"start":{"line":15,"column":28},"end":{"line":20,"column":null}},"8":{"start":{"line":16,"column":4},"end":{"line":20,"column":null}},"9":{"start":{"line":17,"column":24},"end":{"line":17,"column":48}},"10":{"start":{"line":18,"column":6},"end":{"line":18,"column":null}},"11":{"start":{"line":18,"column":17},"end":{"line":18,"column":null}},"12":{"start":{"line":20,"column":6},"end":{"line":20,"column":null}},"13":{"start":{"line":24,"column":23},"end":{"line":42,"column":null}},"14":{"start":{"line":25,"column":4},"end":{"line":25,"column":null}},"15":{"start":{"line":26,"column":4},"end":{"line":26,"column":null}},"16":{"start":{"line":27,"column":4},"end":{"line":27,"column":null}},"17":{"start":{"line":29,"column":4},"end":{"line":42,"column":null}},"18":{"start":{"line":30,"column":24},"end":{"line":32,"column":39}},"19":{"start":{"line":34,"column":6},"end":{"line":37,"column":null}},"20":{"start":{"line":35,"column":8},"end":{"line":35,"column":null}},"21":{"start":{"line":37,"column":8},"end":{"line":37,"column":null}},"22":{"start":{"line":40,"column":6},"end":{"line":40,"column":null}},"23":{"start":{"line":42,"column":6},"end":{"line":42,"column":null}},"24":{"start":{"line":46,"column":2},"end":{"line":119,"column":null}},"25":{"start":{"line":77,"column":31},"end":{"line":77,"column":55}},"26":{"start":{"line":92,"column":31},"end":{"line":92,"column":58}},"27":{"start":{"line":111,"column":14},"end":{"line":111,"column":null}},"28":{"start":{"line":112,"column":14},"end":{"line":112,"column":null}}},"fnMap":{"0":{"name":"Login","decl":{"start":{"line":6,"column":9},"end":{"line":6,"column":17}},"loc":{"start":{"line":6,"column":17},"end":{"line":119,"column":null}},"line":6},"1":{"name":"(anonymous_1)","decl":{"start":{"line":15,"column":28},"end":{"line":15,"column":40}},"loc":{"start":{"line":15,"column":40},"end":{"line":20,"column":null}},"line":15},"2":{"name":"(anonymous_2)","decl":{"start":{"line":24,"column":23},"end":{"line":24,"column":30}},"loc":{"start":{"line":24,"column":36},"end":{"line":42,"column":null}},"line":24},"3":{"name":"(anonymous_3)","decl":{"start":{"line":77,"column":14},"end":{"line":77,"column":25}},"loc":{"start":{"line":77,"column":31},"end":{"line":77,"column":55}},"line":77},"4":{"name":"(anonymous_4)","decl":{"start":{"line":92,"column":14},"end":{"line":92,"column":25}},"loc":{"start":{"line":92,"column":31},"end":{"line":92,"column":58}},"line":92},"5":{"name":"(anonymous_5)","decl":{"start":{"line":110,"column":12},"end":{"line":110,"column":27}},"loc":{"start":{"line":110,"column":27},"end":{"line":112,"column":null}},"line":110}},"branchMap":{"0":{"loc":{"start":{"line":18,"column":6},"end":{"line":18,"column":null}},"type":"if","locations":[{"start":{"line":18,"column":6},"end":{"line":18,"column":null}},{"start":{},"end":{}}],"line":18},"1":{"loc":{"start":{"line":30,"column":24},"end":{"line":32,"column":39}},"type":"cond-expr","locations":[{"start":{"line":31,"column":10},"end":{"line":31,"column":39}},{"start":{"line":32,"column":10},"end":{"line":32,"column":39}}],"line":30},"2":{"loc":{"start":{"line":34,"column":6},"end":{"line":37,"column":null}},"type":"if","locations":[{"start":{"line":34,"column":6},"end":{"line":37,"column":null}},{"start":{"line":36,"column":13},"end":{"line":37,"column":null}}],"line":34},"3":{"loc":{"start":{"line":51,"column":11},"end":{"line":51,"column":null}},"type":"cond-expr","locations":[{"start":{"line":51,"column":22},"end":{"line":51,"column":46}},{"start":{"line":51,"column":46},"end":{"line":51,"column":null}}],"line":51},"4":{"loc":{"start":{"line":54,"column":9},"end":{"line":54,"column":null}},"type":"binary-expr","locations":[{"start":{"line":54,"column":9},"end":{"line":54,"column":18}},{"start":{"line":54,"column":18},"end":{"line":54,"column":null}}],"line":54},"5":{"loc":{"start":{"line":102,"column":13},"end":{"line":102,"column":null}},"type":"cond-expr","locations":[{"start":{"line":102,"column":23},"end":{"line":102,"column":38}},{"start":{"line":102,"column":38},"end":{"line":102,"column":null}}],"line":102},"6":{"loc":{"start":{"line":102,"column":38},"end":{"line":102,"column":null}},"type":"cond-expr","locations":[{"start":{"line":102,"column":49},"end":{"line":102,"column":61}},{"start":{"line":102,"column":61},"end":{"line":102,"column":null}}],"line":102},"7":{"loc":{"start":{"line":107,"column":11},"end":{"line":107,"column":77}},"type":"cond-expr","locations":[{"start":{"line":107,"column":22},"end":{"line":107,"column":51}},{"start":{"line":107,"column":51},"end":{"line":107,"column":77}}],"line":107},"8":{"loc":{"start":{"line":115,"column":13},"end":{"line":115,"column":null}},"type":"cond-expr","locations":[{"start":{"line":115,"column":24},"end":{"line":115,"column":36}},{"start":{"line":115,"column":36},"end":{"line":115,"column":null}}],"line":115}},"s":{"0":74,"1":74,"2":74,"3":74,"4":74,"5":74,"6":74,"7":74,"8":0,"9":0,"10":0,"11":0,"12":0,"13":74,"14":7,"15":7,"16":7,"17":7,"18":7,"19":4,"20":3,"21":3,"22":1,"23":7,"24":74,"25":23,"26":18,"27":6,"28":6},"f":{"0":74,"1":0,"2":7,"3":23,"4":18,"5":6},"b":{"0":[0,0],"1":[2,5],"2":[3,3],"3":[13,61],"4":[74,3],"5":[8,66],"6":[10,56],"7":[13,61],"8":[13,61]},"meta":{"lastBranch":9,"lastFunction":6,"lastStatement":29,"seen":{"f:6:9:6:17":0,"s:7:19:7:49":0,"s:8:16:8:40":1,"s:9:19:9:46":2,"s:10:16:10:40":3,"s:11:18:11:47":4,"s:12:8:12:32":5,"s:13:26:13:56":6,"s:15:28:20:Infinity":7,"f:15:28:15:40":1,"s:16:4:20:Infinity":8,"s:17:24:17:48":9,"b:18:6:18:Infinity:undefined:undefined:undefined:undefined":0,"s:18:6:18:Infinity":10,"s:18:17:18:Infinity":11,"s:20:6:20:Infinity":12,"s:24:23:42:Infinity":13,"f:24:23:24:30":2,"s:25:4:25:Infinity":14,"s:26:4:26:Infinity":15,"s:27:4:27:Infinity":16,"s:29:4:42:Infinity":17,"s:30:24:32:39":18,"b:31:10:31:39:32:10:32:39":1,"b:34:6:37:Infinity:36:13:37:Infinity":2,"s:34:6:37:Infinity":19,"s:35:8:35:Infinity":20,"s:37:8:37:Infinity":21,"s:40:6:40:Infinity":22,"s:42:6:42:Infinity":23,"s:46:2:119:Infinity":24,"b:51:22:51:46:51:46:51:Infinity":3,"b:54:9:54:18:54:18:54:Infinity":4,"f:77:14:77:25":3,"s:77:31:77:55":25,"f:92:14:92:25":4,"s:92:31:92:58":26,"b:102:23:102:38:102:38:102:Infinity":5,"b:102:49:102:61:102:61:102:Infinity":6,"b:107:22:107:51:107:51:107:77":7,"f:110:12:110:27":5,"s:111:14:111:Infinity":27,"s:112:14:112:Infinity":28,"b:115:24:115:36:115:36:115:Infinity":8}}}
,"/Users/burak/Documents/DEV/Projects/would_watch/web/src/pages/Settings.jsx": {"path":"/Users/burak/Documents/DEV/Projects/would_watch/web/src/pages/Settings.jsx","statementMap":{"0":{"start":{"line":8,"column":8},"end":{"line":8,"column":32}},"1":{"start":{"line":9,"column":16},"end":{"line":9,"column":37}},"2":{"start":{"line":10,"column":19},"end":{"line":10,"column":46}},"3":{"start":{"line":11,"column":27},"end":{"line":11,"column":70}},"4":{"start":{"line":12,"column":18},"end":{"line":12,"column":46}},"5":{"start":{"line":13,"column":17},"end":{"line":13,"column":45}},"6":{"start":{"line":14,"column":16},"end":{"line":14,"column":40}},"7":{"start":{"line":15,"column":18},"end":{"line":15,"column":44}},"8":{"start":{"line":17,"column":2},"end":{"line":19,"column":null}},"9":{"start":{"line":18,"column":4},"end":{"line":18,"column":null}},"10":{"start":{"line":21,"column":22},"end":{"line":30,"column":null}},"11":{"start":{"line":22,"column":4},"end":{"line":30,"column":null}},"12":{"start":{"line":23,"column":22},"end":{"line":23,"column":51}},"13":{"start":{"line":24,"column":6},"end":{"line":24,"column":null}},"14":{"start":{"line":25,"column":6},"end":{"line":25,"column":null}},"15":{"start":{"line":28,"column":6},"end":{"line":28,"column":null}},"16":{"start":{"line":30,"column":6},"end":{"line":30,"column":null}},"17":{"start":{"line":34,"column":21},"end":{"line":46,"column":null}},"18":{"start":{"line":35,"column":4},"end":{"line":35,"column":null}},"19":{"start":{"line":36,"column":4},"end":{"line":36,"column":null}},"20":{"start":{"line":37,"column":4},"end":{"line":37,"column":null}},"21":{"start":{"line":39,"column":4},"end":{"line":46,"column":null}},"22":{"start":{"line":40,"column":6},"end":{"line":40,"column":null}},"23":{"start":{"line":41,"column":6},"end":{"line":41,"column":null}},"24":{"start":{"line":42,"column":6},"end":{"line":42,"column":null}},"25":{"start":{"line":42,"column":23},"end":{"line":42,"column":37}},"26":{"start":{"line":44,"column":6},"end":{"line":44,"column":null}},"27":{"start":{"line":46,"column":6},"end":{"line":46,"column":null}},"28":{"start":{"line":50,"column":23},"end":{"line":52,"column":null}},"29":{"start":{"line":51,"column":4},"end":{"line":51,"column":null}},"30":{"start":{"line":52,"column":4},"end":{"line":52,"column":null}},"31":{"start":{"line":55,"column":2},"end":{"line":59,"column":null}},"32":{"start":{"line":56,"column":4},"end":{"line":59,"column":null}},"33":{"start":{"line":63,"column":2},"end":{"line":157,"column":null}},"34":{"start":{"line":66,"column":61},"end":{"line":66,"column":83}},"35":{"start":{"line":94,"column":31},"end":{"line":94,"column":null}},"36":{"start":{"line":112,"column":35},"end":{"line":112,"column":null}},"37":{"start":{"line":122,"column":35},"end":{"line":122,"column":null}},"38":{"start":{"line":132,"column":35},"end":{"line":132,"column":null}}},"fnMap":{"0":{"name":"Settings","decl":{"start":{"line":7,"column":9},"end":{"line":7,"column":20}},"loc":{"start":{"line":7,"column":20},"end":{"line":157,"column":null}},"line":7},"1":{"name":"(anonymous_1)","decl":{"start":{"line":17,"column":2},"end":{"line":17,"column":18}},"loc":{"start":{"line":17,"column":18},"end":{"line":19,"column":7}},"line":17},"2":{"name":"(anonymous_2)","decl":{"start":{"line":21,"column":22},"end":{"line":21,"column":34}},"loc":{"start":{"line":21,"column":34},"end":{"line":30,"column":null}},"line":21},"3":{"name":"(anonymous_3)","decl":{"start":{"line":34,"column":21},"end":{"line":34,"column":33}},"loc":{"start":{"line":34,"column":33},"end":{"line":46,"column":null}},"line":34},"4":{"name":"(anonymous_4)","decl":{"start":{"line":42,"column":6},"end":{"line":42,"column":23}},"loc":{"start":{"line":42,"column":23},"end":{"line":42,"column":37}},"line":42},"5":{"name":"(anonymous_5)","decl":{"start":{"line":50,"column":23},"end":{"line":50,"column":35}},"loc":{"start":{"line":50,"column":35},"end":{"line":52,"column":null}},"line":50},"6":{"name":"(anonymous_6)","decl":{"start":{"line":66,"column":46},"end":{"line":66,"column":61}},"loc":{"start":{"line":66,"column":61},"end":{"line":66,"column":83}},"line":66},"7":{"name":"(anonymous_7)","decl":{"start":{"line":94,"column":14},"end":{"line":94,"column":25}},"loc":{"start":{"line":94,"column":31},"end":{"line":94,"column":null}},"line":94},"8":{"name":"(anonymous_8)","decl":{"start":{"line":112,"column":18},"end":{"line":112,"column":29}},"loc":{"start":{"line":112,"column":35},"end":{"line":112,"column":null}},"line":112},"9":{"name":"(anonymous_9)","decl":{"start":{"line":122,"column":18},"end":{"line":122,"column":29}},"loc":{"start":{"line":122,"column":35},"end":{"line":122,"column":null}},"line":122},"10":{"name":"(anonymous_10)","decl":{"start":{"line":132,"column":18},"end":{"line":132,"column":29}},"loc":{"start":{"line":132,"column":35},"end":{"line":132,"column":null}},"line":132}},"branchMap":{"0":{"loc":{"start":{"line":24,"column":18},"end":{"line":24,"column":41}},"type":"binary-expr","locations":[{"start":{"line":24,"column":18},"end":{"line":24,"column":38}},{"start":{"line":24,"column":38},"end":{"line":24,"column":41}}],"line":24},"1":{"loc":{"start":{"line":25,"column":26},"end":{"line":25,"column":66}},"type":"binary-expr","locations":[{"start":{"line":25,"column":26},"end":{"line":25,"column":55}},{"start":{"line":25,"column":55},"end":{"line":25,"column":66}}],"line":25},"2":{"loc":{"start":{"line":44,"column":15},"end":{"line":44,"column":56}},"type":"binary-expr","locations":[{"start":{"line":44,"column":15},"end":{"line":44,"column":30}},{"start":{"line":44,"column":30},"end":{"line":44,"column":56}}],"line":44},"3":{"loc":{"start":{"line":55,"column":2},"end":{"line":59,"column":null}},"type":"if","locations":[{"start":{"line":55,"column":2},"end":{"line":59,"column":null}},{"start":{},"end":{}}],"line":55},"4":{"loc":{"start":{"line":81,"column":21},"end":{"line":81,"column":null}},"type":"binary-expr","locations":[{"start":{"line":81,"column":21},"end":{"line":81,"column":36}},{"start":{"line":81,"column":36},"end":{"line":81,"column":null}}],"line":81},"5":{"loc":{"start":{"line":140,"column":9},"end":{"line":140,"column":null}},"type":"binary-expr","locations":[{"start":{"line":140,"column":9},"end":{"line":140,"column":18}},{"start":{"line":140,"column":18},"end":{"line":140,"column":null}}],"line":140},"6":{"loc":{"start":{"line":141,"column":9},"end":{"line":141,"column":null}},"type":"binary-expr","locations":[{"start":{"line":141,"column":9},"end":{"line":141,"column":20}},{"start":{"line":141,"column":20},"end":{"line":141,"column":null}}],"line":141},"7":{"loc":{"start":{"line":149,"column":13},"end":{"line":149,"column":null}},"type":"cond-expr","locations":[{"start":{"line":149,"column":22},"end":{"line":149,"column":36}},{"start":{"line":149,"column":36},"end":{"line":149,"column":null}}],"line":149}},"s":{"0":36,"1":36,"2":36,"3":36,"4":36,"5":36,"6":36,"7":36,"8":36,"9":9,"10":36,"11":9,"12":9,"13":7,"14":9,"15":1,"16":8,"17":36,"18":3,"19":3,"20":3,"21":3,"22":3,"23":2,"24":2,"25":0,"26":1,"27":3,"28":36,"29":0,"30":0,"31":36,"32":9,"33":27,"34":0,"35":12,"36":0,"37":1,"38":0},"f":{"0":36,"1":9,"2":9,"3":3,"4":0,"5":0,"6":0,"7":12,"8":0,"9":1,"10":0},"b":{"0":[7,5],"1":[9,4],"2":[1,0],"3":[9,27],"4":[27,0],"5":[36,1],"6":[36,2],"7":[3,24]},"meta":{"lastBranch":8,"lastFunction":11,"lastStatement":39,"seen":{"f:7:9:7:20":0,"s:8:8:8:32":0,"s:9:16:9:37":1,"s:10:19:10:46":2,"s:11:27:11:70":3,"s:12:18:12:46":4,"s:13:17:13:45":5,"s:14:16:14:40":6,"s:15:18:15:44":7,"s:17:2:19:Infinity":8,"f:17:2:17:18":1,"s:18:4:18:Infinity":9,"s:21:22:30:Infinity":10,"f:21:22:21:34":2,"s:22:4:30:Infinity":11,"s:23:22:23:51":12,"s:24:6:24:Infinity":13,"b:24:18:24:38:24:38:24:41":0,"s:25:6:25:Infinity":14,"b:25:26:25:55:25:55:25:66":1,"s:28:6:28:Infinity":15,"s:30:6:30:Infinity":16,"s:34:21:46:Infinity":17,"f:34:21:34:33":3,"s:35:4:35:Infinity":18,"s:36:4:36:Infinity":19,"s:37:4:37:Infinity":20,"s:39:4:46:Infinity":21,"s:40:6:40:Infinity":22,"s:41:6:41:Infinity":23,"s:42:6:42:Infinity":24,"f:42:6:42:23":4,"s:42:23:42:37":25,"s:44:6:44:Infinity":26,"b:44:15:44:30:44:30:44:56":2,"s:46:6:46:Infinity":27,"s:50:23:52:Infinity":28,"f:50:23:50:35":5,"s:51:4:51:Infinity":29,"s:52:4:52:Infinity":30,"b:55:2:59:Infinity:undefined:undefined:undefined:undefined":3,"s:55:2:59:Infinity":31,"s:56:4:59:Infinity":32,"s:63:2:157:Infinity":33,"f:66:46:66:61":6,"s:66:61:66:83":34,"b:81:21:81:36:81:36:81:Infinity":4,"f:94:14:94:25":7,"s:94:31:94:Infinity":35,"f:112:18:112:29":8,"s:112:35:112:Infinity":36,"f:122:18:122:29":9,"s:122:35:122:Infinity":37,"f:132:18:132:29":10,"s:132:35:132:Infinity":38,"b:140:9:140:18:140:18:140:Infinity":5,"b:141:9:141:20:141:20:141:Infinity":6,"b:149:22:149:36:149:36:149:Infinity":7}}}
}
